<?xml version="1.0" encoding="UTF-8"?>
<testng-results ignored="0" total="1" passed="1" failed="0" skipped="0">
  <reporter-output>
  </reporter-output>
  <suite started-at="2023-09-22T20:25:32 EET" name="Default suite" finished-at="2023-09-22T20:25:53 EET" duration-ms="21454">
    <groups>
    </groups>
    <test started-at="2023-09-22T20:25:32 EET" name="Default test" finished-at="2023-09-22T20:25:53 EET" duration-ms="21454">
      <class name="com.soft.testCases.AddingItems">
        <test-method is-config="true" signature="setup()[pri:0, instance:com.soft.testCases.AddingItems@77847718]" started-at="2023-09-22T20:25:32 EET" name="setup" finished-at="2023-09-22T20:25:34 EET" duration-ms="1673" status="PASS">
          <reporter-output>
          </reporter-output>
        </test-method> <!-- setup -->
        <test-method signature="loginWithValidCreditanls()[pri:0, instance:com.soft.testCases.AddingItems@77847718]" started-at="2023-09-22T20:25:34 EET" name="loginWithValidCreditanls" finished-at="2023-09-22T20:25:53 EET" duration-ms="19746" status="PASS">
          <reporter-output>
          </reporter-output>
        </test-method> <!-- loginWithValidCreditanls -->
        <test-method is-config="true" signature="close()[pri:0, instance:com.soft.testCases.AddingItems@77847718]" started-at="2023-09-22T20:25:53 EET" name="close" finished-at="2023-09-22T20:25:53 EET" duration-ms="0" status="PASS">
          <reporter-output>
          </reporter-output>
        </test-method> <!-- close -->
      </class> <!-- com.soft.testCases.AddingItems -->
    </test> <!-- Default test -->
  </suite> <!-- Default suite -->
</testng-results>
